<?xml version="1.0" encoding="UTF-8"?>
<!-- Generated by org.testng.reporters.JUnitXMLReporter -->
<testsuite ignored="0" hostname="DESKTOP-8C0LO3K" failures="0" tests="3" name="Test" time="0.074" errors="0" timestamp="2024-06-12T19:54:42 IST">
  <testcase classname="learnTestNG.WebTesting" name="firstWebTest" time="0.005"/>
  <testcase classname="learnTestNG.WebTesting" name="secondWebTest" time="0.002"/>
  <testcase classname="learnTestNG.MobileTesting" name="firstMobileTest" time="0.002"/>
</testsuite> <!-- Test -->
